<?xml version="1.0" encoding="UTF-8"?>
<!-- Generated by org.testng.reporters.JUnitReportReporter -->
<testsuite hostname="DESKTOP-FCLNE8N" failures="0" tests="1" name="JupitorFirst" time="16.349" errors="0" timestamp="2023-10-09T16:40:06 IST" skipped="0">
  <testcase classname="JupitorFirst" name="SecondTestcase" time="16.349"/>
  <system-out/>
</testsuite> <!-- JupitorFirst -->
