<?xml version="1.0" encoding="UTF-8"?>
<!-- Generated by org.testng.reporters.JUnitReportReporter -->
<testsuite hostname="DESKTOP-FCLNE8N" failures="0" tests="1" name="Flipkart.Pagewiseclicking" time="14.017" errors="0" timestamp="2023-10-11T10:37:22 IST" skipped="0">
  <testcase classname="Flipkart.Pagewiseclicking" name="pageflipkart" time="14.017"/>
  <system-out/>
</testsuite> <!-- Flipkart.Pagewiseclicking -->
